<?xml version="1.0" encoding="UTF-8"?>
<!-- Generated by org.testng.reporters.JUnitReportReporter -->
<testsuite hostname="AISHWARYA" failures="0" tests="1" name="com.crm.vtigerTests.CreateOrganizationWithIndustry" time="21.566" errors="0" timestamp="2021-05-03T14:24:04 IST" skipped="0">
  <testcase classname="com.crm.vtigerTests.CreateOrganizationWithIndustry" name="createOrganization" time="21.566"/>
  <system-out/>
</testsuite> <!-- com.crm.vtigerTests.CreateOrganizationWithIndustry -->
