<?xml version="1.0" encoding="UTF-8"?>
<!-- Generated by org.testng.reporters.JUnitReportReporter -->
<testsuite hostname="AISHWARYA" failures="0" tests="1" name="practice.ddt.ReadDataFromPropertiesFileTest" time="0.010" errors="0" timestamp="2021-04-23T20:29:51 IST" skipped="0">
  <testcase classname="practice.ddt.ReadDataFromPropertiesFileTest" name="readDataTest" time="0.010"/>
  <system-out/>
</testsuite> <!-- practice.ddt.ReadDataFromPropertiesFileTest -->
