<?xml version="1.0" encoding="UTF-8"?>
<!-- Generated by org.testng.reporters.JUnitReportReporter -->
<testsuite hostname="AISHWARYA" failures="0" tests="1" name="practice.ddt.ReadDataFromPropertiesFile" time="0.013" errors="0" timestamp="2021-04-23T14:42:35 IST" skipped="0">
  <testcase classname="practice.ddt.ReadDataFromPropertiesFile" name="readDataTest" time="0.013"/>
  <system-out/>
</testsuite> <!-- practice.ddt.ReadDataFromPropertiesFile -->
