<?xml version="1.0" encoding="UTF-8"?>
<!-- Generated by org.testng.reporters.JUnitReportReporter -->
<testsuite hostname="AISHWARYA" failures="0" tests="1" name="com.crm.vtigerTests.CreateOrganizationTest" time="14.726" errors="0" timestamp="2021-05-03T13:11:38 IST" skipped="0">
  <testcase classname="com.crm.vtigerTests.CreateOrganizationTest" name="creteOrg" time="14.726"/>
  <system-out/>
</testsuite> <!-- com.crm.vtigerTests.CreateOrganizationTest -->
