<?xml version="1.0" encoding="UTF-8"?>
<!-- Generated by org.testng.reporters.JUnitReportReporter -->
<testsuite hostname="AISHWARYA" failures="0" tests="1" name="practice.ddt.ReadXmlTest" time="0.024" errors="0" timestamp="2021-04-26T10:43:59 IST" skipped="0">
  <testcase classname="practice.ddt.ReadXmlTest" name="Test" time="0.024"/>
  <system-out/>
</testsuite> <!-- practice.ddt.ReadXmlTest -->
