<?xml version="1.0" encoding="UTF-8"?>
<!-- Generated by org.testng.reporters.JUnitReportReporter -->
<testsuite hostname="AISHWARYA" failures="0" tests="1" name="com.crm.vtigerAllocatedTests.TC_33_CancelButtonIsEnableOrNot_Test" time="18.994" errors="0" timestamp="2021-05-05T16:35:39 IST" skipped="0">
  <testcase classname="com.crm.vtigerAllocatedTests.TC_33_CancelButtonIsEnableOrNot_Test" name="cancelButtonEnabledOrNot" time="18.994"/>
  <system-out/>
</testsuite> <!-- com.crm.vtigerAllocatedTests.TC_33_CancelButtonIsEnableOrNot_Test -->
