<?xml version="1.0" encoding="UTF-8"?>
<!-- Generated by org.testng.reporters.JUnitReportReporter -->
<testsuite hostname="AISHWARYA" failures="0" tests="1" name="practice.ddt.ReadXmlFile2" time="0.003" errors="0" timestamp="2021-04-23T14:42:35 IST" skipped="0">
  <testcase classname="practice.ddt.ReadXmlFile2" name="TestB" time="0.003"/>
  <system-out/>
</testsuite> <!-- practice.ddt.ReadXmlFile2 -->
