<?xml version="1.0" encoding="UTF-8"?>
<!-- Generated by org.testng.reporters.JUnitReportReporter -->
<testsuite hostname="AISHWARYA" failures="0" tests="1" name="SqlConnection.ValidateData" time="0.422" errors="0" timestamp="2021-04-26T16:01:40 IST" skipped="0">
  <testcase classname="SqlConnection.ValidateData" name="validatedata" time="0.422"/>
  <system-out/>
</testsuite> <!-- SqlConnection.ValidateData -->
