<?xml version="1.0" encoding="UTF-8"?>
<!-- Generated by org.testng.reporters.JUnitReportReporter -->
<testsuite hostname="AISHWARYA" failures="0" tests="1" name="practice.ddt.ReadXml1Test" time="0.013" errors="0" timestamp="2021-04-23T16:53:28 IST" skipped="0">
  <testcase classname="practice.ddt.ReadXml1Test" name="TestA" time="0.013"/>
  <system-out/>
</testsuite> <!-- practice.ddt.ReadXml1Test -->
