<?xml version="1.0" encoding="UTF-8"?>
<!-- Generated by org.testng.reporters.JUnitReportReporter -->
<testsuite hostname="AISHWARYA" failures="0" tests="1" name="com.crm.vtigerAllocatedTests.TC_32_SaveButtonIsEnableOrNot_Test" time="17.872" errors="0" timestamp="2021-05-05T16:32:17 IST" skipped="0">
  <testcase classname="com.crm.vtigerAllocatedTests.TC_32_SaveButtonIsEnableOrNot_Test" name="saveButtonEnabledOrNot" time="17.872"/>
  <system-out/>
</testsuite> <!-- com.crm.vtigerAllocatedTests.TC_32_SaveButtonIsEnableOrNot_Test -->
