<?xml version="1.0" encoding="UTF-8"?>
<!-- Generated by org.testng.reporters.JUnitReportReporter -->
<testsuite hostname="AISHWARYA" failures="0" tests="1" name="com.crm.vtigerAllocatedTests.TC_31_CreateContact_Test" time="33.631" errors="0" timestamp="2021-05-06T10:45:25 IST" skipped="0">
  <testcase classname="com.crm.vtigerAllocatedTests.TC_31_CreateContact_Test" name="createContact" time="33.631"/>
  <system-out/>
</testsuite> <!-- com.crm.vtigerAllocatedTests.TC_31_CreateContact_Test -->
