<?xml version="1.0" encoding="UTF-8"?>
<!-- Generated by org.testng.reporters.JUnitReportReporter -->
<testsuite hostname="AISHWARYA" failures="0" tests="2" name="com.cancast.crm.ContactTest.CreateContactTest" time="53.566" errors="0" timestamp="2021-05-04T15:33:32 IST" skipped="0">
  <testcase classname="com.cancast.crm.ContactTest.CreateContactTest" name="createContact" time="25.885"/>
  <system-out/>
  <testcase classname="com.cancast.crm.ContactTest.CreateContactTest" name="createContactwithOrg" time="27.681"/>
  <system-out/>
</testsuite> <!-- com.cancast.crm.ContactTest.CreateContactTest -->
