<?xml version="1.0" encoding="UTF-8"?>
<!-- Generated by org.testng.reporters.JUnitReportReporter -->
<testsuite hostname="AISHWARYA" failures="0" tests="1" name="practice.ddt.ReadFromPropertiesTest" time="0.022" errors="0" timestamp="2021-04-24T20:19:55 IST" skipped="0">
  <testcase classname="practice.ddt.ReadFromPropertiesTest" name="readData" time="0.022"/>
  <system-out/>
</testsuite> <!-- practice.ddt.ReadFromPropertiesTest -->
