<?xml version="1.0" encoding="UTF-8"?>
<!-- Generated by org.testng.reporters.JUnitReportReporter -->
<testsuite hostname="AISHWARYA" failures="0" tests="1" name="WebTable.CalendarPopup" time="31.921" errors="0" timestamp="2021-05-02T18:39:14 IST" skipped="0">
  <testcase classname="WebTable.CalendarPopup" name="handlePopup" time="31.921"/>
  <system-out/>
</testsuite> <!-- WebTable.CalendarPopup -->
