<?xml version="1.0" encoding="UTF-8"?>
<!-- Generated by org.testng.reporters.JUnitReportReporter -->
<testsuite hostname="AISHWARYA" failures="0" tests="1" name="WebTable.DeleteRecord" time="21.931" errors="0" timestamp="2021-04-29T19:34:33 IST" skipped="0">
  <testcase classname="WebTable.DeleteRecord" name="deleteRecord" time="21.931"/>
  <system-out/>
</testsuite> <!-- WebTable.DeleteRecord -->
