<?xml version="1.0" encoding="UTF-8"?>
<!-- Generated by org.testng.reporters.JUnitReportReporter -->
<testsuite hostname="AISHWARYA" failures="0" tests="2" name="SqlConnection.DatabaseUtils" time="0.476" errors="0" timestamp="2021-04-26T21:30:00 IST" skipped="0">
  <testcase classname="SqlConnection.DatabaseUtils" name="ExcuteQuery" time="0.462"/>
  <system-out/>
  <testcase classname="SqlConnection.DatabaseUtils" name="ExcuteUpdate" time="0.014"/>
  <system-out/>
</testsuite> <!-- SqlConnection.DatabaseUtils -->
