<?xml version="1.0" encoding="UTF-8"?>
<!-- Generated by org.testng.reporters.JUnitReportReporter -->
<testsuite hostname="AISHWARYA" failures="0" tests="1" name="SqlConnection.DeleteData" time="0.387" errors="0" timestamp="2021-04-26T21:47:47 IST" skipped="0">
  <testcase classname="SqlConnection.DeleteData" name="deletedata" time="0.387"/>
  <system-out/>
</testsuite> <!-- SqlConnection.DeleteData -->
