<?xml version="1.0" encoding="UTF-8"?>
<!-- Generated by org.testng.reporters.JUnitReportReporter -->
<testsuite hostname="AISHWARYA" failures="0" tests="1" name="practice.ddt.ReadXmlFileTest" time="0.001" errors="0" timestamp="2021-04-23T16:53:28 IST" skipped="0">
  <testcase classname="practice.ddt.ReadXmlFileTest" name="TestB" time="0.001"/>
  <system-out/>
</testsuite> <!-- practice.ddt.ReadXmlFileTest -->
