<?xml version="1.0" encoding="UTF-8"?>
<!-- Generated by org.testng.reporters.JUnitReportReporter -->
<testsuite hostname="AISHWARYA" failures="0" tests="1" name="com.crm.vtigerAllocatedTests.TC_34_CreateMailMergeTemplateWithOrganization_Test" time="13.489" errors="0" timestamp="2021-05-05T19:36:49 IST" skipped="0">
  <testcase classname="com.crm.vtigerAllocatedTests.TC_34_CreateMailMergeTemplateWithOrganization_Test" name="createMailMerge" time="13.489"/>
  <system-out/>
</testsuite> <!-- com.crm.vtigerAllocatedTests.TC_34_CreateMailMergeTemplateWithOrganization_Test -->
