<?xml version="1.0" encoding="UTF-8"?>
<!-- Generated by org.testng.reporters.JUnitReportReporter -->
<testsuite hostname="AISHWARYA" failures="0" tests="1" name="practice.ddt.ReadXmlF1" time="0.016" errors="0" timestamp="2021-04-23T15:16:32 IST" skipped="0">
  <testcase classname="practice.ddt.ReadXmlF1" name="TestA" time="0.016"/>
  <system-out/>
</testsuite> <!-- practice.ddt.ReadXmlF1 -->
