<?xml version="1.0" encoding="UTF-8"?>
<!-- Generated by org.testng.reporters.JUnitReportReporter -->
<testsuite hostname="AISHWARYA" failures="0" tests="1" name="com.crm.vtigerTests.CreateContactWithOrganizationTest" time="17.846" errors="0" timestamp="2021-05-03T10:14:44 IST" skipped="0">
  <testcase classname="com.crm.vtigerTests.CreateContactWithOrganizationTest" name="createContact" time="17.846"/>
  <system-out/>
</testsuite> <!-- com.crm.vtigerTests.CreateContactWithOrganizationTest -->
